<?xml version="1.0" encoding="UTF-8"?>
<!-- Generated by org.testng.reporters.JUnitReportReporter -->
<testsuite hostname="IST-APP-WL-0311" failures="0" tests="1" name="testfeatures.TestLogin" time="0.006" errors="0" timestamp="21 Mar 2023 15:58:06 GMT" skipped="0">
  <testcase classname="testfeatures.TestLogin" name="test1" time="0.006"/>
</testsuite> <!-- testfeatures.TestLogin -->
