<?xml version="1.0" encoding="UTF-8"?>
<!-- Generated by org.testng.reporters.JUnitReportReporter -->
<testsuite hostname="IST-APP-WL-0311" failures="0" tests="2" name="testfeatures.TestLogin" time="0.014" errors="0" timestamp="21 Mar 2023 16:33:01 GMT" skipped="0">
  <testcase classname="testfeatures.TestLogin" name="test1" time="0.014"/>
  <testcase classname="testfeatures.TestLogin" name="test2" time="0.000"/>
</testsuite> <!-- testfeatures.TestLogin -->
